<?xml version="1.0" encoding="UTF-8"?>
<!-- Generated by org.testng.reporters.JUnitXMLReporter -->
<testsuite ignored="0" hostname="Ganesh-Laptop" failures="0" tests="3" name="Bike" time="47.24" errors="0" timestamp="2025-05-27T18:41:46 IST">
  <testcase classname="testNGBikes.HondaBikeTC" name="honda" time="18.93"/>
  <testcase classname="testNGBikes.HarleyDevidsonBikeTC" name="Harley" time="11.284"/>
  <testcase classname="testNGBikes.RoyalEnfiedBikeTC" name="royal" time="16.985"/>
</testsuite> <!-- Bike -->
