<?xml version="1.0" encoding="UTF-8"?>
<testng-results ignored="0" total="3" passed="3" failed="0" skipped="0">
  <reporter-output>
    <line>
      <![CDATA[[Testcase--Testis started]]]>
    </line>
    <line>
      <![CDATA[[Testcase--addToCartTC_001Started]]]>
    </line>
    <line>
      <![CDATA[XXXXXXXXXXXXXXXXXXXXXProduct is added to cart!!XXXXXXXXXXXXXXXXXXXX]]>
    </line>
    <line>
      <![CDATA[[Testcase--addToCartTC_001Successfulley Executed]]]>
    </line>
    <line>
      <![CDATA[[Testcase--removefromcart003Started]]]>
    </line>
    <line>
      <![CDATA[[Testcase--removefromcart003Successfulley Executed]]]>
    </line>
    <line>
      <![CDATA[[Testcase--buyitemTC002Started]]]>
    </line>
    <line>
      <![CDATA[Order is placed Successfulley!!!]]>
    </line>
    <line>
      <![CDATA[[Testcase--buyitemTC002Successfulley Executed]]]>
    </line>
  </reporter-output>
  <suite started-at="2025-07-03T08:20:57 IST" name="Suite" finished-at="2025-07-03T08:22:53 IST" duration-ms="116832">
    <groups>
    </groups>
    <test started-at="2025-07-03T08:20:57 IST" name="Test" finished-at="2025-07-03T08:22:53 IST" duration-ms="116832">
      <class name="testPackage.AddToCartTest">
        <test-method is-config="true" signature="browserSetup()[pri:0, instance:testPackage.AddToCartTest@6771beb3]" started-at="2025-07-03T08:20:57 IST" name="browserSetup" finished-at="2025-07-03T08:21:26 IST" duration-ms="29549" status="PASS">
          <reporter-output>
          </reporter-output>
        </test-method> <!-- browserSetup -->
        <test-method is-config="true" signature="login()[pri:0, instance:testPackage.AddToCartTest@6771beb3]" started-at="2025-07-03T08:21:26 IST" name="login" finished-at="2025-07-03T08:21:31 IST" duration-ms="5235" status="PASS">
          <reporter-output>
          </reporter-output>
        </test-method> <!-- login -->
        <test-method signature="addToCartTC_001()[pri:0, instance:testPackage.AddToCartTest@6771beb3]" started-at="2025-07-03T08:21:32 IST" name="addToCartTC_001" finished-at="2025-07-03T08:21:34 IST" duration-ms="2709" status="PASS">
          <reporter-output>
            <line>
              <![CDATA[[Testcase--addToCartTC_001Started]]]>
            </line>
            <line>
              <![CDATA[XXXXXXXXXXXXXXXXXXXXXProduct is added to cart!!XXXXXXXXXXXXXXXXXXXX]]>
            </line>
            <line>
              <![CDATA[[Testcase--addToCartTC_001Successfulley Executed]]]>
            </line>
          </reporter-output>
        </test-method> <!-- addToCartTC_001 -->
        <test-method is-config="true" signature="logout()[pri:0, instance:testPackage.AddToCartTest@6771beb3]" started-at="2025-07-03T08:21:34 IST" name="logout" finished-at="2025-07-03T08:21:35 IST" duration-ms="915" status="PASS">
          <reporter-output>
          </reporter-output>
        </test-method> <!-- logout -->
        <test-method is-config="true" signature="browserTeardown()[pri:0, instance:testPackage.AddToCartTest@6771beb3]" started-at="2025-07-03T08:21:35 IST" name="browserTeardown" finished-at="2025-07-03T08:21:36 IST" duration-ms="513" status="PASS">
          <reporter-output>
          </reporter-output>
        </test-method> <!-- browserTeardown -->
      </class> <!-- testPackage.AddToCartTest -->
      <class name="testPackage.BuyIItemFromCartTest">
        <test-method is-config="true" signature="browserSetup()[pri:0, instance:testPackage.BuyIItemFromCartTest@5bf0d49]" started-at="2025-07-03T08:22:12 IST" name="browserSetup" finished-at="2025-07-03T08:22:35 IST" duration-ms="23274" status="PASS">
          <reporter-output>
          </reporter-output>
        </test-method> <!-- browserSetup -->
        <test-method is-config="true" signature="login()[pri:0, instance:testPackage.BuyIItemFromCartTest@5bf0d49]" started-at="2025-07-03T08:22:35 IST" name="login" finished-at="2025-07-03T08:22:41 IST" duration-ms="5650" status="PASS">
          <reporter-output>
          </reporter-output>
        </test-method> <!-- login -->
        <test-method signature="buyitemTC002()[pri:0, instance:testPackage.BuyIItemFromCartTest@5bf0d49]" started-at="2025-07-03T08:22:41 IST" name="buyitemTC002" finished-at="2025-07-03T08:22:51 IST" duration-ms="10150" status="PASS">
          <reporter-output>
            <line>
              <![CDATA[[Testcase--buyitemTC002Started]]]>
            </line>
            <line>
              <![CDATA[Order is placed Successfulley!!!]]>
            </line>
            <line>
              <![CDATA[[Testcase--buyitemTC002Successfulley Executed]]]>
            </line>
          </reporter-output>
        </test-method> <!-- buyitemTC002 -->
        <test-method is-config="true" signature="logout()[pri:0, instance:testPackage.BuyIItemFromCartTest@5bf0d49]" started-at="2025-07-03T08:22:51 IST" name="logout" finished-at="2025-07-03T08:22:53 IST" duration-ms="2091" status="PASS">
          <reporter-output>
          </reporter-output>
        </test-method> <!-- logout -->
        <test-method is-config="true" signature="browserTeardown()[pri:0, instance:testPackage.BuyIItemFromCartTest@5bf0d49]" started-at="2025-07-03T08:22:53 IST" name="browserTeardown" finished-at="2025-07-03T08:22:53 IST" duration-ms="437" status="PASS">
          <reporter-output>
          </reporter-output>
        </test-method> <!-- browserTeardown -->
      </class> <!-- testPackage.BuyIItemFromCartTest -->
      <class name="testPackage.RemovefromCartTest">
        <test-method is-config="true" signature="browserSetup()[pri:0, instance:testPackage.RemovefromCartTest@175c2241]" started-at="2025-07-03T08:21:36 IST" name="browserSetup" finished-at="2025-07-03T08:22:04 IST" duration-ms="28510" status="PASS">
          <reporter-output>
          </reporter-output>
        </test-method> <!-- browserSetup -->
        <test-method is-config="true" signature="login()[pri:0, instance:testPackage.RemovefromCartTest@175c2241]" started-at="2025-07-03T08:22:04 IST" name="login" finished-at="2025-07-03T08:22:07 IST" duration-ms="2612" status="PASS">
          <reporter-output>
          </reporter-output>
        </test-method> <!-- login -->
        <test-method signature="removefromcart003()[pri:0, instance:testPackage.RemovefromCartTest@175c2241]" started-at="2025-07-03T08:22:07 IST" name="removefromcart003" finished-at="2025-07-03T08:22:10 IST" duration-ms="3664" status="PASS">
          <reporter-output>
            <line>
              <![CDATA[[Testcase--removefromcart003Started]]]>
            </line>
            <line>
              <![CDATA[[Testcase--removefromcart003Successfulley Executed]]]>
            </line>
          </reporter-output>
        </test-method> <!-- removefromcart003 -->
        <test-method is-config="true" signature="logout()[pri:0, instance:testPackage.RemovefromCartTest@175c2241]" started-at="2025-07-03T08:22:11 IST" name="logout" finished-at="2025-07-03T08:22:12 IST" duration-ms="1001" status="PASS">
          <reporter-output>
          </reporter-output>
        </test-method> <!-- logout -->
        <test-method is-config="true" signature="browserTeardown()[pri:0, instance:testPackage.RemovefromCartTest@175c2241]" started-at="2025-07-03T08:22:12 IST" name="browserTeardown" finished-at="2025-07-03T08:22:12 IST" duration-ms="369" status="PASS">
          <reporter-output>
          </reporter-output>
        </test-method> <!-- browserTeardown -->
      </class> <!-- testPackage.RemovefromCartTest -->
    </test> <!-- Test -->
  </suite> <!-- Suite -->
</testng-results>
