<?xml version="1.0" encoding="UTF-8"?>
<testng-results ignored="0" total="1" passed="1" failed="0" skipped="0">
  <reporter-output>
    <line>
      <![CDATA[[Testcase--Default testis started]]]>
    </line>
    <line>
      <![CDATA[[Testcase--buyitemTC002Started]]]>
    </line>
    <line>
      <![CDATA[Order is placed Successfulley!!!]]>
    </line>
    <line>
      <![CDATA[[Testcase--buyitemTC002Successfulley Executed]]]>
    </line>
  </reporter-output>
  <suite started-at="2025-06-05T19:11:30 IST" name="Default suite" finished-at="2025-06-05T19:12:00 IST" duration-ms="29726">
    <groups>
    </groups>
    <test started-at="2025-06-05T19:11:30 IST" name="Default test" finished-at="2025-06-05T19:12:00 IST" duration-ms="29726">
      <class name="testPackage.BuyIItemFromCartTest">
        <test-method is-config="true" signature="browserSetup()[pri:0, instance:testPackage.BuyIItemFromCartTest@7817fd62]" started-at="2025-06-05T19:11:30 IST" name="browserSetup" finished-at="2025-06-05T19:11:42 IST" duration-ms="11842" status="PASS">
          <reporter-output>
          </reporter-output>
        </test-method> <!-- browserSetup -->
        <test-method is-config="true" signature="login()[pri:0, instance:testPackage.BuyIItemFromCartTest@7817fd62]" started-at="2025-06-05T19:11:42 IST" name="login" finished-at="2025-06-05T19:11:46 IST" duration-ms="4379" status="PASS">
          <reporter-output>
          </reporter-output>
        </test-method> <!-- login -->
        <test-method signature="buyitemTC002()[pri:0, instance:testPackage.BuyIItemFromCartTest@7817fd62]" started-at="2025-06-05T19:11:46 IST" name="buyitemTC002" finished-at="2025-06-05T19:11:59 IST" duration-ms="12204" status="PASS">
          <reporter-output>
            <line>
              <![CDATA[[Testcase--buyitemTC002Started]]]>
            </line>
            <line>
              <![CDATA[Order is placed Successfulley!!!]]>
            </line>
            <line>
              <![CDATA[[Testcase--buyitemTC002Successfulley Executed]]]>
            </line>
          </reporter-output>
        </test-method> <!-- buyitemTC002 -->
        <test-method is-config="true" signature="logout()[pri:0, instance:testPackage.BuyIItemFromCartTest@7817fd62]" started-at="2025-06-05T19:11:59 IST" name="logout" finished-at="2025-06-05T19:11:59 IST" duration-ms="923" status="PASS">
          <reporter-output>
          </reporter-output>
        </test-method> <!-- logout -->
        <test-method is-config="true" signature="browserTeardown()[pri:0, instance:testPackage.BuyIItemFromCartTest@7817fd62]" started-at="2025-06-05T19:11:59 IST" name="browserTeardown" finished-at="2025-06-05T19:12:00 IST" duration-ms="293" status="PASS">
          <reporter-output>
          </reporter-output>
        </test-method> <!-- browserTeardown -->
      </class> <!-- testPackage.BuyIItemFromCartTest -->
    </test> <!-- Default test -->
  </suite> <!-- Default suite -->
</testng-results>
